TN:
SF:src/components/AuthCard.tsx
FN:8,AuthCard
FNF:1
FNH:1
FNDA:4,AuthCard
DA:9,4
DA:10,4
DA:12,4
DA:44,1
LF:4
LH:4
BRDA:28,0,0,4
BRDA:28,0,1,1
BRDA:29,1,0,4
BRDA:29,1,1,3
BRF:4
BRH:4
end_of_record
TN:
SF:src/components/FormInput.tsx
FN:4,FormInput
FNF:1
FNH:1
FNDA:4,FormInput
DA:5,4
DA:10,1
LF:2
LH:2
BRF:0
BRH:0
end_of_record
TN:
SF:src/components/PrimaryButton.tsx
FN:11,PrimaryButton
FNF:1
FNH:1
FNDA:5,PrimaryButton
DA:17,5
DA:28,1
LF:2
LH:2
BRDA:14,0,0,3
BRDA:15,1,0,4
BRDA:19,2,0,5
BRDA:19,2,1,3
BRDA:19,2,2,3
BRDA:21,3,0,5
BRDA:21,3,1,3
BRDA:23,4,0,2
BRDA:23,4,1,3
BRF:9
BRH:9
end_of_record
TN:
SF:src/core/auth/AuthContext.tsx
FN:29,(anonymous_0)
FN:35,(anonymous_1)
FN:43,(anonymous_2)
FN:44,(anonymous_3)
FN:60,(anonymous_4)
FN:71,(anonymous_5)
FNF:6
FNH:6
FNDA:11,(anonymous_0)
FNDA:3,(anonymous_1)
FNDA:5,(anonymous_2)
FNDA:5,(anonymous_3)
FNDA:2,(anonymous_4)
FNDA:5,(anonymous_5)
DA:21,1
DA:29,1
DA:30,11
DA:31,11
DA:32,11
DA:33,11
DA:35,11
DA:36,3
DA:38,3
DA:39,2
DA:43,11
DA:44,5
DA:45,5
DA:46,5
DA:48,5
DA:49,5
DA:51,5
DA:52,2
DA:55,5
DA:58,5
DA:60,5
DA:61,2
DA:62,2
DA:64,2
DA:65,1
DA:67,1
DA:71,5
DA:72,5
DA:76,11
LF:29
LH:29
BRDA:38,0,0,2
BRDA:38,0,1,1
BRDA:49,1,0,5
BRDA:49,1,1,3
BRDA:51,2,0,2
BRDA:51,2,1,3
BRDA:62,3,0,2
BRDA:62,3,1,1
BRDA:64,4,0,1
BRDA:64,4,1,1
BRF:10
BRH:10
end_of_record
TN:
SF:src/core/auth/auth.service.ts
FN:3,(anonymous_0)
FN:7,(anonymous_1)
FN:11,(anonymous_2)
FN:15,(anonymous_3)
FN:19,(anonymous_4)
FNF:5
FNH:5
FNDA:1,(anonymous_0)
FNDA:1,(anonymous_1)
FNDA:1,(anonymous_2)
FNDA:1,(anonymous_3)
FNDA:1,(anonymous_4)
DA:3,1
DA:4,1
DA:7,1
DA:8,1
DA:11,1
DA:12,1
DA:15,1
DA:16,1
DA:19,1
DA:20,1
LF:10
LH:10
BRF:0
BRH:0
end_of_record
TN:
SF:src/features/profile/hooks.ts
FN:5,(anonymous_0)
FN:9,(anonymous_1)
FN:12,(anonymous_2)
FN:24,(anonymous_3)
FNF:4
FNH:4
FNDA:3,(anonymous_0)
FNDA:2,(anonymous_1)
FNDA:1,(anonymous_2)
FNDA:8,(anonymous_3)
DA:5,1
DA:6,3
DA:7,3
DA:9,3
DA:10,2
DA:12,1
DA:13,1
DA:14,1
DA:15,1
DA:18,1
DA:21,3
DA:24,1
DA:25,8
DA:27,7
LF:14
LH:14
BRDA:10,0,0,1
BRDA:10,0,1,1
BRDA:25,1,0,1
BRDA:25,1,1,7
BRDA:28,2,0,7
BRDA:28,2,1,6
BRDA:28,2,2,5
BRDA:28,2,3,4
BRDA:28,2,4,3
BRDA:28,2,5,2
BRF:10
BRH:10
end_of_record
TN:
SF:src/features/profile/services.ts
FN:4,(anonymous_0)
FN:12,(anonymous_1)
FNF:2
FNH:2
FNDA:2,(anonymous_0)
FNDA:1,(anonymous_1)
DA:4,1
DA:5,2
DA:12,1
DA:16,1
LF:4
LH:4
BRF:0
BRH:0
end_of_record
TN:
SF:src/features/profile/types.ts
FNF:0
FNH:0
LF:0
LH:0
BRF:0
BRH:0
end_of_record
TN:
SF:src/features/scholarships/hooks.ts
FN:5,(anonymous_0)
FN:12,(anonymous_1)
FN:13,(anonymous_2)
FNF:3
FNH:3
FNDA:14,(anonymous_0)
FNDA:7,(anonymous_1)
FNDA:7,(anonymous_2)
DA:5,1
DA:9,14
DA:10,14
DA:12,14
DA:13,7
DA:14,7
DA:16,6
DA:18,6
DA:19,3
DA:26,3
DA:29,6
DA:30,3
DA:35,3
DA:38,6
DA:41,7
DA:44,14
LF:16
LH:16
BRDA:14,0,0,1
BRDA:14,0,1,6
BRDA:18,1,0,3
BRDA:18,1,1,3
BRDA:26,2,0,3
BRDA:26,2,1,1
BRDA:29,3,0,3
BRDA:29,3,1,3
BRDA:35,4,0,3
BRDA:35,4,1,1
BRF:10
BRH:10
end_of_record
TN:
SF:src/features/scholarships/services.ts
FN:4,(anonymous_0)
FNF:1
FNH:1
FNDA:1,(anonymous_0)
DA:4,1
DA:5,1
LF:2
LH:2
BRF:0
BRH:0
end_of_record
TN:
SF:src/features/scholarships/types.ts
FNF:0
FNH:0
LF:0
LH:0
BRF:0
BRH:0
end_of_record
TN:
SF:src/integration/supabase.ts
FNF:0
FNH:0
DA:3,2
DA:4,2
DA:6,2
DA:7,1
DA:10,1
LF:5
LH:5
BRDA:6,0,0,1
BRDA:6,0,1,1
BRDA:6,1,0,2
BRDA:6,1,1,1
BRF:4
BRH:4
end_of_record
TN:
SF:src/navigation/AppStack.tsx
FN:14,AppStack
FNF:1
FNH:1
FNDA:1,AppStack
DA:12,1
DA:15,1
LF:2
LH:2
BRF:0
BRH:0
end_of_record
TN:
SF:src/navigation/AuthStack.tsx
FN:13,AuthStack
FN:16,(anonymous_1)
FNF:2
FNH:2
FNDA:4,AuthStack
FNDA:4,(anonymous_1)
DA:11,1
DA:14,4
DA:16,4
DA:17,4
DA:18,3
DA:20,3
DA:21,1
DA:26,4
LF:8
LH:8
BRDA:17,0,0,3
BRDA:17,0,1,1
BRDA:20,1,0,1
BRDA:20,1,1,2
BRDA:20,2,0,3
BRDA:20,2,1,1
BRF:6
BRH:6
end_of_record
TN:
SF:src/navigation/RootNavigator.tsx
FN:7,RootNavigator
FNF:1
FNH:1
FNDA:3,RootNavigator
DA:8,3
DA:10,3
DA:11,1
DA:24,2
LF:4
LH:4
BRDA:10,0,0,1
BRDA:10,0,1,2
BRDA:24,1,0,1
BRDA:24,1,1,1
BRF:4
BRH:4
end_of_record
TN:
SF:src/screens/auth/ForgotPasswordScreen.tsx
FN:16,ForgotPasswordScreen
FN:24,(anonymous_1)
FN:60,(anonymous_2)
FNF:3
FNH:3
FNDA:11,ForgotPasswordScreen
FNDA:3,(anonymous_1)
FNDA:1,(anonymous_2)
DA:17,11
DA:18,11
DA:19,11
DA:20,11
DA:22,11
DA:24,11
DA:25,3
DA:27,2
DA:28,2
DA:29,2
DA:31,2
DA:33,2
DA:34,1
DA:35,1
DA:36,1
DA:39,1
DA:40,1
DA:43,11
DA:60,1
DA:67,1
LF:20
LH:20
BRDA:25,0,0,1
BRDA:25,0,1,2
BRDA:33,1,0,1
BRDA:33,1,1,1
BRDA:50,2,0,11
BRDA:50,2,1,1
BRDA:51,3,0,11
BRDA:51,3,1,1
BRF:8
BRH:8
end_of_record
TN:
SF:src/screens/auth/LoginScreen.tsx
FN:17,LoginScreen
FN:26,(anonymous_1)
FN:49,(anonymous_2)
FN:100,(anonymous_3)
FN:104,(anonymous_4)
FNF:5
FNH:5
FNDA:40,LoginScreen
FNDA:7,(anonymous_1)
FNDA:3,(anonymous_2)
FNDA:1,(anonymous_3)
FNDA:1,(anonymous_4)
DA:18,40
DA:19,40
DA:20,40
DA:21,40
DA:22,40
DA:24,40
DA:26,40
DA:27,7
DA:29,6
DA:30,6
DA:31,6
DA:33,6
DA:35,6
DA:36,1
DA:37,1
DA:38,1
DA:42,5
DA:43,4
DA:46,5
DA:49,40
DA:50,3
DA:51,1
DA:52,1
DA:55,2
DA:56,2
DA:58,2
DA:63,2
DA:64,1
DA:66,1
DA:70,40
DA:100,1
DA:104,1
DA:111,1
LF:33
LH:33
BRDA:24,0,0,40
BRDA:24,0,1,28
BRDA:27,1,0,1
BRDA:27,1,1,6
BRDA:35,2,0,1
BRDA:35,2,1,5
BRDA:42,3,0,4
BRDA:42,3,1,1
BRDA:50,4,0,1
BRDA:50,4,1,2
BRDA:63,5,0,1
BRDA:63,5,1,1
BRDA:84,6,0,40
BRDA:84,6,1,8
BRDA:85,7,0,40
BRDA:85,7,1,1
BRDA:87,8,0,40
BRDA:87,8,1,5
BRF:18
BRH:18
end_of_record
TN:
SF:src/screens/auth/SignupScreen.tsx
FN:16,SignupScreen
FN:26,(anonymous_1)
FN:44,(anonymous_2)
FN:80,(anonymous_3)
FNF:4
FNH:4
FNDA:19,SignupScreen
FNDA:4,(anonymous_1)
FNDA:1,(anonymous_2)
FNDA:1,(anonymous_3)
DA:17,19
DA:18,19
DA:19,19
DA:20,19
DA:21,19
DA:22,19
DA:24,19
DA:26,19
DA:27,4
DA:29,2
DA:30,2
DA:31,2
DA:33,2
DA:35,2
DA:36,1
DA:37,1
DA:38,1
DA:41,1
DA:42,1
DA:44,1
DA:45,1
DA:49,19
DA:80,1
DA:87,1
LF:24
LH:24
BRDA:24,0,0,19
BRDA:24,0,1,13
BRDA:24,0,2,10
BRDA:27,1,0,2
BRDA:27,1,1,2
BRDA:35,2,0,1
BRDA:35,2,1,1
BRDA:70,3,0,19
BRDA:70,3,1,1
BRDA:71,4,0,19
BRDA:71,4,1,1
BRF:11
BRH:11
end_of_record
TN:
SF:src/screens/auth/UpdatePasswordScreen.tsx
FN:8,UpdatePasswordScreen
FN:17,(anonymous_1)
FNF:2
FNH:2
FNDA:15,UpdatePasswordScreen
FNDA:4,(anonymous_1)
DA:9,15
DA:10,15
DA:11,15
DA:12,15
DA:13,15
DA:15,15
DA:17,15
DA:18,4
DA:20,2
DA:21,2
DA:22,2
DA:24,2
DA:28,2
DA:29,1
DA:30,1
DA:31,1
DA:34,1
DA:35,1
DA:38,15
DA:69,1
LF:20
LH:20
BRDA:15,0,0,15
BRDA:15,0,1,10
BRDA:18,1,0,2
BRDA:18,1,1,2
BRDA:28,2,0,1
BRDA:28,2,1,1
BRDA:56,3,0,15
BRDA:56,3,1,1
BRDA:57,4,0,15
BRDA:57,4,1,1
BRF:10
BRH:10
end_of_record
TN:
SF:src/screens/home/HomeScreen.tsx
FN:21,HomeScreen
FN:30,(anonymous_1)
FN:31,(anonymous_2)
FN:55,(anonymous_3)
FN:76,(anonymous_4)
FN:91,(anonymous_5)
FN:109,(anonymous_6)
FN:128,(anonymous_7)
FN:160,(anonymous_8)
FN:176,(anonymous_9)
FNF:10
FNH:10
FNDA:23,HomeScreen
FNDA:10,(anonymous_1)
FNDA:10,(anonymous_2)
FNDA:4,(anonymous_3)
FNDA:1,(anonymous_4)
FNDA:1,(anonymous_5)
FNDA:1,(anonymous_6)
FNDA:3,(anonymous_7)
FNDA:1,(anonymous_8)
FNDA:8,(anonymous_9)
DA:22,23
DA:25,23
DA:27,23
DA:30,23
DA:31,10
DA:32,10
DA:33,10
DA:35,10
DA:38,23
DA:39,23
DA:44,23
DA:47,23
DA:48,10
DA:55,13
DA:56,4
DA:71,13
DA:76,1
DA:92,1
DA:109,1
DA:129,3
DA:161,1
DA:176,8
DA:189,1
LF:23
LH:23
BRDA:47,0,0,10
BRDA:47,0,1,13
BRDA:47,1,0,23
BRDA:47,1,1,13
BRDA:59,2,0,4
BRDA:59,2,1,3
BRDA:62,3,0,4
BRDA:62,3,1,3
BRDA:82,4,0,13
BRDA:82,4,1,5
BRDA:107,5,0,13
BRDA:107,5,1,10
BRDA:114,6,0,13
BRDA:114,6,1,10
BRDA:125,7,0,13
BRDA:125,7,1,3
BRDA:135,8,0,13
BRDA:135,8,1,3
BRDA:145,9,0,2
BRDA:145,9,1,11
BRDA:145,10,0,13
BRDA:145,10,1,3
BRDA:169,11,0,1
BRDA:169,11,1,10
BRF:24
BRH:24
end_of_record
TN:
SF:src/screens/profile/ProfileSetupScreen.tsx
FN:36,ProfileSetupScreen
FN:42,(anonymous_1)
FN:43,(anonymous_2)
FN:62,(anonymous_3)
FN:74,(anonymous_4)
FN:123,(anonymous_5)
FN:163,(anonymous_6)
FN:170,(anonymous_7)
FN:177,(anonymous_8)
FN:187,Selector
FN:190,(anonymous_10)
FN:193,(anonymous_11)
FN:208,BooleanSelector
FN:212,(anonymous_13)
FN:221,(anonymous_14)
FNF:15
FNH:15
FNDA:29,ProfileSetupScreen
FNDA:10,(anonymous_1)
FNDA:10,(anonymous_2)
FNDA:10,(anonymous_3)
FNDA:4,(anonymous_4)
FNDA:234,(anonymous_5)
FNDA:3,(anonymous_6)
FNDA:1,(anonymous_7)
FNDA:1,(anonymous_8)
FNDA:54,Selector
FNDA:396,(anonymous_10)
FNDA:3,(anonymous_11)
FNDA:36,BooleanSelector
FNDA:1,(anonymous_13)
FNDA:1,(anonymous_14)
DA:17,1
DA:21,1
DA:29,1
DA:37,29
DA:39,29
DA:40,29
DA:42,29
DA:43,10
DA:44,10
DA:45,10
DA:46,10
DA:48,10
DA:51,29
DA:53,29
DA:54,29
DA:55,29
DA:56,29
DA:57,29
DA:58,29
DA:59,29
DA:60,29
DA:62,29
DA:63,10
DA:64,2
DA:65,2
DA:66,2
DA:67,2
DA:68,2
DA:69,2
DA:70,2
DA:71,2
DA:74,29
DA:75,4
DA:77,3
DA:89,29
DA:90,11
DA:97,18
DA:123,234
DA:164,3
DA:165,3
DA:171,1
DA:172,1
DA:177,1
DA:188,54
DA:191,396
DA:193,3
DA:209,36
DA:212,1
DA:221,1
DA:232,1
LF:50
LH:50
BRDA:63,0,0,8
BRDA:63,0,1,2
BRDA:64,1,0,2
BRDA:64,1,1,1
BRDA:65,2,0,2
BRDA:65,2,1,1
BRDA:66,3,0,2
BRDA:66,3,1,1
BRDA:67,4,0,2
BRDA:67,4,1,1
BRDA:68,5,0,1
BRDA:68,5,1,1
BRDA:69,6,0,2
BRDA:69,6,1,1
BRDA:70,7,0,2
BRDA:70,7,1,1
BRDA:71,8,0,2
BRDA:71,8,1,1
BRDA:75,9,0,1
BRDA:75,9,1,3
BRDA:78,10,0,3
BRDA:78,10,1,2
BRDA:81,11,0,3
BRDA:81,11,1,2
BRDA:82,12,0,1
BRDA:82,12,1,2
BRDA:89,13,0,11
BRDA:89,13,1,18
BRDA:101,14,0,18
BRDA:101,14,1,10
BRDA:196,15,0,396
BRDA:196,15,1,15
BRDA:199,16,0,15
BRDA:199,16,1,381
BRDA:213,17,0,36
BRDA:213,17,1,3
BRDA:215,18,0,3
BRDA:215,18,1,33
BRDA:222,19,0,36
BRDA:222,19,1,2
BRDA:224,20,0,2
BRDA:224,20,1,34
BRDA:244,21,0,0
BRDA:244,21,1,1
BRF:44
BRH:43
end_of_record
TN:
SF:src/types/navigation.ts
FNF:0
FNH:0
LF:0
LH:0
BRF:0
BRH:0
end_of_record
TN:
SF:src/utils/math.ts
FN:1,(anonymous_0)
FNF:1
FNH:1
FNDA:1,(anonymous_0)
DA:1,1
LF:1
LH:1
BRF:0
BRH:0
end_of_record
